Loading data
Batch 0
Batch 1
Batch 2
Batch 3
Batch 4
Batch 5

BATCH SIZE:	9
NUM BATCHES:	5
SKIPPING FIRST 1 RESULTS

Tensorflow times:
[1.72332478 0.06443977 0.06433415 0.07837987 0.07627058 0.07550478]
Mean:	0.071786
Min:	0.064334
Max:	0.078380

Tensorflow accuracies:
[0.44444444 0.11111111 0.44444444 0.55555556 0.66666667 0.77777778]
Mean:	0.511111
Min:	0.111111
Max:	0.777778

Enclave times:
[0.75916028 0.69174623 0.68441772 0.69475794 0.68690634 0.70244408]
Mean:	0.692054
Min:	0.684418
Max:	0.702444

Enclave accuracies:
[0.44444444 0.11111111 0.44444444 0.55555556 0.66666667 0.77777778]
Mean:	0.511111
Min:	0.111111
Max:	0.777778

Enclave is slower than TF by a factor of 9.640544
Number of same results for Enclave and TF per batch:
[9. 9. 9. 9. 9. 9.]
Total measurement took 6.401939 seconds
