Loading data
Batch 0
Batch 1
Batch 2
Batch 3
Batch 4
Batch 5

BATCH SIZE:	10
NUM BATCHES:	5
SKIPPING FIRST 1 RESULTS

Tensorflow times:
[1.77529645 0.07281089 0.07660031 0.08119822 0.08293819 0.07568717]
Mean:	0.077847
Min:	0.072811
Max:	0.082938

Tensorflow accuracies:
[0.7 0.5 0.7 0.6 0.9 0.6]
Mean:	0.660000
Min:	0.500000
Max:	0.900000

Enclave times:
[1.15347695 1.06987619 1.05397058 1.08279872 1.10236549 1.04181862]
Mean:	1.070166
Min:	1.041819
Max:	1.102365

Enclave accuracies:
[0.7 0.5 0.7 0.6 0.9 0.6]
Mean:	0.660000
Min:	0.500000
Max:	0.900000

Enclave is slower than TF by a factor of 13.747049
Number of same results for Enclave and TF per batch:
[10. 10. 10. 10. 10. 10.]
Total measurement took 8.770084 seconds
