Loading data
Batch 0
Batch 1
Batch 2
Batch 3
Batch 4
Batch 5

BATCH SIZE:	5
NUM BATCHES:	5
SKIPPING FIRST 1 RESULTS

Tensorflow times:
[1.65113163 0.05362654 0.04537702 0.05467582 0.05450916 0.0497067 ]
Mean:	0.051579
Min:	0.045377
Max:	0.054676

Tensorflow accuracies:
[0.6 0.6 0.4 0.2 0.6 0.6]
Mean:	0.480000
Min:	0.200000
Max:	0.600000

Enclave times:
[0.59755206 0.55167246 0.57126975 0.58099127 0.53391433 0.54656672]
Mean:	0.556883
Min:	0.533914
Max:	0.580991

Enclave accuracies:
[0.6 0.6 0.4 0.2 0.6 0.6]
Mean:	0.480000
Min:	0.200000
Max:	0.600000

Enclave is slower than TF by a factor of 10.796689
Number of same results for Enclave and TF per batch:
[5. 5. 5. 5. 5. 5.]
Total measurement took 5.387065 seconds
