Loading data
Batch 0
Batch 1
Batch 2
Batch 3
Batch 4
Batch 5

BATCH SIZE:	1
NUM BATCHES:	5
SKIPPING FIRST 1 RESULTS

Tensorflow times:
[1.42587662 0.02445436 0.02475333 0.02465892 0.02566075 0.02491975]
Mean:	0.024889
Min:	0.024454
Max:	0.025661

Tensorflow accuracies:
[1. 1. 0. 1. 1. 1.]
Mean:	0.800000
Min:	0.000000
Max:	1.000000

Enclave times:
[0.15738559 0.10401368 0.10660696 0.10519266 0.10536218 0.10299993]
Mean:	0.104835
Min:	0.103000
Max:	0.106607

Enclave accuracies:
[1. 1. 0. 1. 1. 1.]
Mean:	0.800000
Min:	0.000000
Max:	1.000000

Enclave is slower than TF by a factor of 4.212034
Number of same results for Enclave and TF per batch:
[1. 1. 1. 1. 1. 1.]
Total measurement took 2.318410 seconds
