Loading data
Batch 0
Batch 1
Batch 2
Batch 3
Batch 4
Batch 5

BATCH SIZE:	8
NUM BATCHES:	5
SKIPPING FIRST 1 RESULTS

Tensorflow times:
[1.58815932 0.05633855 0.06519246 0.06963277 0.07237983 0.06865978]
Mean:	0.066441
Min:	0.056339
Max:	0.072380

Tensorflow accuracies:
[0.75  0.875 0.625 0.75  0.25  0.75 ]
Mean:	0.650000
Min:	0.250000
Max:	0.875000

Enclave times:
[0.86857557 0.78694439 0.81715918 0.79971075 0.8113296  0.80835676]
Mean:	0.804700
Min:	0.786944
Max:	0.817159

Enclave accuracies:
[0.75  0.875 0.625 0.75  0.25  0.75 ]
Mean:	0.650000
Min:	0.250000
Max:	0.875000

Enclave is slower than TF by a factor of 12.111558
Number of same results for Enclave and TF per batch:
[8. 8. 8. 8. 8. 8.]
Total measurement took 6.908169 seconds
