Loading data
Batch 0
Batch 1
Batch 2
Batch 3
Batch 4
Batch 5

BATCH SIZE:	7
NUM BATCHES:	5
SKIPPING FIRST 1 RESULTS

Tensorflow times:
[1.68966079 0.0548389  0.0589323  0.06771898 0.06378579 0.06558824]
Mean:	0.062173
Min:	0.054839
Max:	0.067719

Tensorflow accuracies:
[0.71428571 0.42857143 0.71428571 0.57142857 0.57142857 0.42857143]
Mean:	0.542857
Min:	0.428571
Max:	0.714286

Enclave times:
[0.79662991 0.75533295 0.71600866 0.74508572 0.74033618 0.7497735 ]
Mean:	0.741307
Min:	0.716009
Max:	0.755333

Enclave accuracies:
[0.71428571 0.42857143 0.71428571 0.57142857 0.57142857 0.42857143]
Mean:	0.542857
Min:	0.428571
Max:	0.714286

Enclave is slower than TF by a factor of 11.923331
Number of same results for Enclave and TF per batch:
[7. 7. 7. 7. 7. 7.]
Total measurement took 6.602698 seconds
