Loading data
Batch 0
Batch 1
Batch 2
Batch 3
Batch 4
Batch 5

BATCH SIZE:	15
NUM BATCHES:	5
SKIPPING FIRST 1 RESULTS

Tensorflow times:
[1.96590066 0.09336281 0.085953   0.09566808 0.10062456 0.0941155 ]
Mean:	0.093945
Min:	0.085953
Max:	0.100625

Tensorflow accuracies:
[0.8        0.4        0.46666667 0.6        0.33333333 0.46666667]
Mean:	0.453333
Min:	0.333333
Max:	0.600000

Enclave times:
[1.58432579 1.5701139  1.5766468  1.52681589 1.57810521 1.55545592]
Mean:	1.561428
Min:	1.526816
Max:	1.578105

Enclave accuracies:
[0.8        0.4        0.46666667 0.6        0.33333333 0.46666667]
Mean:	0.453333
Min:	0.333333
Max:	0.600000

Enclave is slower than TF by a factor of 16.620694
Number of same results for Enclave and TF per batch:
[15. 15. 15. 15. 15. 15.]
Total measurement took 11.933532 seconds
