Loading data
Batch 0
Batch 1
Batch 2
Batch 3
Batch 4
Batch 5

BATCH SIZE:	9
NUM BATCHES:	5
SKIPPING FIRST 1 RESULTS

Tensorflow times:
[1.73224187 0.06950593 0.06633496 0.06329155 0.06700778 0.07193279]
Mean:	0.067615
Min:	0.063292
Max:	0.071933

Tensorflow accuracies:
[0.44444444 0.55555556 0.55555556 0.44444444 0.77777778 0.55555556]
Mean:	0.577778
Min:	0.444444
Max:	0.777778

Enclave times:
[0.11927509 0.04201055 0.04186153 0.04170799 0.04223013 0.0419879 ]
Mean:	0.041960
Min:	0.041708
Max:	0.042230

Enclave accuracies:
[0.44444444 0.55555556 0.55555556 0.44444444 0.77777778 0.55555556]
Mean:	0.577778
Min:	0.444444
Max:	0.777778

Enclave is slower than TF by a factor of 0.620570
Number of same results for Enclave and TF per batch:
[9. 9. 9. 9. 9. 9.]
Total measurement took 2.493418 seconds
