Loading data
Batch 0
Batch 1
Batch 2
Batch 3
Batch 4
Batch 5

BATCH SIZE:	7
NUM BATCHES:	5
SKIPPING FIRST 1 RESULTS

Tensorflow times:
[1.66335177 0.05596638 0.06051898 0.06004143 0.0549376  0.06152725]
Mean:	0.058598
Min:	0.054938
Max:	0.061527

Tensorflow accuracies:
[0.71428571 0.57142857 0.57142857 0.71428571 0.57142857 0.42857143]
Mean:	0.571429
Min:	0.428571
Max:	0.714286

Enclave times:
[0.10923028 0.03492761 0.03455615 0.03481412 0.03469348 0.03494525]
Mean:	0.034787
Min:	0.034556
Max:	0.034945

Enclave accuracies:
[0.71428571 0.57142857 0.57142857 0.71428571 0.57142857 0.42857143]
Mean:	0.571429
Min:	0.428571
Max:	0.714286

Enclave is slower than TF by a factor of 0.593657
Number of same results for Enclave and TF per batch:
[7. 7. 7. 7. 7. 7.]
Total measurement took 2.332119 seconds
