Loading data
Batch 0
Batch 1
Batch 2
Batch 3
Batch 4
Batch 5

BATCH SIZE:	15
NUM BATCHES:	5
SKIPPING FIRST 1 RESULTS

Tensorflow times:
[1.9627912  0.09222841 0.08436012 0.08410716 0.09594798 0.09779358]
Mean:	0.090887
Min:	0.084107
Max:	0.097794

Tensorflow accuracies:
[0.6        0.66666667 0.46666667 0.46666667 0.6        0.4       ]
Mean:	0.520000
Min:	0.400000
Max:	0.666667

Enclave times:
[0.13424563 0.05695605 0.05712676 0.05696177 0.05716014 0.05708694]
Mean:	0.057058
Min:	0.056956
Max:	0.057160

Enclave accuracies:
[0.6        0.66666667 0.46666667 0.46666667 0.6        0.4       ]
Mean:	0.520000
Min:	0.400000
Max:	0.666667

Enclave is slower than TF by a factor of 0.627791
Number of same results for Enclave and TF per batch:
[15. 15. 15. 15. 15. 15.]
Total measurement took 2.936862 seconds
