Loading data
Batch 0
Batch 1
Batch 2
Batch 3
Batch 4
Batch 5

BATCH SIZE:	1
NUM BATCHES:	5
SKIPPING FIRST 1 RESULTS

Tensorflow times:
[1.42416358 0.02551889 0.02482653 0.02510428 0.02538204 0.02548409]
Mean:	0.025263
Min:	0.024827
Max:	0.025519

Tensorflow accuracies:
[1. 0. 0. 1. 1. 1.]
Mean:	0.600000
Min:	0.000000
Max:	1.000000

Enclave times:
[0.08332968 0.00799584 0.00800872 0.0078752  0.00789309 0.00791097]
Mean:	0.007937
Min:	0.007875
Max:	0.008009

Enclave accuracies:
[1. 0. 0. 1. 1. 1.]
Mean:	0.600000
Min:	0.000000
Max:	1.000000

Enclave is slower than TF by a factor of 0.314163
Number of same results for Enclave and TF per batch:
[1. 1. 1. 1. 1. 1.]
Total measurement took 1.761189 seconds
