Loading data
Batch 0
Batch 1
Batch 2
Batch 3
Batch 4
Batch 5

BATCH SIZE:	8
NUM BATCHES:	5
SKIPPING FIRST 1 RESULTS

Tensorflow times:
[1.57698631 0.06181645 0.0597024  0.06298876 0.06669927 0.06794477]
Mean:	0.063830
Min:	0.059702
Max:	0.067945

Tensorflow accuracies:
[0.625 0.625 0.    0.5   0.5   0.375]
Mean:	0.400000
Min:	0.000000
Max:	0.625000

Enclave times:
[0.11274195 0.038553   0.03840566 0.03848672 0.03875804 0.03901052]
Mean:	0.038643
Min:	0.038406
Max:	0.039011

Enclave accuracies:
[0.625 0.625 0.    0.5   0.5   0.375]
Mean:	0.400000
Min:	0.000000
Max:	0.625000

Enclave is slower than TF by a factor of 0.605399
Number of same results for Enclave and TF per batch:
[8. 8. 8. 8. 8. 8.]
Total measurement took 2.295557 seconds
