Loading data
Batch 0
Batch 1
Batch 2
Batch 3
Batch 4
Batch 5

BATCH SIZE:	3
NUM BATCHES:	5
SKIPPING FIRST 1 RESULTS

Tensorflow times:
[1.48855352 0.03633189 0.03597856 0.03570938 0.03725958 0.03615522]
Mean:	0.036287
Min:	0.035709
Max:	0.037260

Tensorflow accuracies:
[0.66666667 0.66666667 0.66666667 0.33333333 0.         0.33333333]
Mean:	0.400000
Min:	0.000000
Max:	0.666667

Enclave times:
[0.09977889 0.01711011 0.01687407 0.01677966 0.01718879 0.0169816 ]
Mean:	0.016987
Min:	0.016780
Max:	0.017189

Enclave accuracies:
[0.66666667 0.66666667 0.66666667 0.33333333 0.         0.33333333]
Mean:	0.400000
Min:	0.000000
Max:	0.666667

Enclave is slower than TF by a factor of 0.468126
Number of same results for Enclave and TF per batch:
[3. 3. 3. 3. 3. 3.]
Total measurement took 1.944864 seconds
