Hypeparameters:
num_epochs: 50
hidden_neurons: 4096
training set size: 2822
test set size: 313

Epoch 1/50
40/40 [==============================] - 144s 4s/step - loss: 4.5281 - acc: 0.0570 - val_loss: 4.3582 - val_acc: 0.0641
Epoch 2/50
40/40 [==============================] - 148s 4s/step - loss: 4.2580 - acc: 0.0859 - val_loss: 4.1780 - val_acc: 0.1070
Epoch 3/50
40/40 [==============================] - 149s 4s/step - loss: 4.0062 - acc: 0.1203 - val_loss: 3.8714 - val_acc: 0.0992
Epoch 4/50
40/40 [==============================] - 149s 4s/step - loss: 3.6143 - acc: 0.1773 - val_loss: 3.4942 - val_acc: 0.1609
Epoch 5/50
40/40 [==============================] - 150s 4s/step - loss: 3.2635 - acc: 0.2164 - val_loss: 3.2345 - val_acc: 0.2250
Epoch 6/50
40/40 [==============================] - 150s 4s/step - loss: 2.9261 - acc: 0.2773 - val_loss: 2.8594 - val_acc: 0.2711
Epoch 7/50
40/40 [==============================] - 150s 4s/step - loss: 2.6633 - acc: 0.3094 - val_loss: 2.6242 - val_acc: 0.3313
Epoch 8/50
40/40 [==============================] - 150s 4s/step - loss: 2.4841 - acc: 0.3539 - val_loss: 2.6124 - val_acc: 0.3320
Epoch 9/50
40/40 [==============================] - 151s 4s/step - loss: 2.3263 - acc: 0.3844 - val_loss: 2.4848 - val_acc: 0.3469
Epoch 10/50
40/40 [==============================] - 151s 4s/step - loss: 2.1146 - acc: 0.4156 - val_loss: 2.3971 - val_acc: 0.3602
Epoch 11/50
40/40 [==============================] - 150s 4s/step - loss: 2.0584 - acc: 0.4453 - val_loss: 2.3637 - val_acc: 0.3633
Epoch 12/50
40/40 [==============================] - 150s 4s/step - loss: 1.8657 - acc: 0.4766 - val_loss: 2.2422 - val_acc: 0.3562
Epoch 13/50
40/40 [==============================] - 151s 4s/step - loss: 1.8343 - acc: 0.4961 - val_loss: 2.2244 - val_acc: 0.4187
Epoch 14/50
40/40 [==============================] - 151s 4s/step - loss: 1.7056 - acc: 0.5188 - val_loss: 2.0923 - val_acc: 0.4570
Epoch 15/50
40/40 [==============================] - 150s 4s/step - loss: 1.6859 - acc: 0.5211 - val_loss: 2.0829 - val_acc: 0.4398
Epoch 16/50
40/40 [==============================] - 150s 4s/step - loss: 1.5415 - acc: 0.5594 - val_loss: 2.1350 - val_acc: 0.4437
Epoch 17/50
40/40 [==============================] - 150s 4s/step - loss: 1.4506 - acc: 0.5813 - val_loss: 2.1626 - val_acc: 0.4258
Epoch 18/50
40/40 [==============================] - 151s 4s/step - loss: 1.4247 - acc: 0.5961 - val_loss: 2.1133 - val_acc: 0.4453
Epoch 19/50
40/40 [==============================] - 151s 4s/step - loss: 1.3201 - acc: 0.6086 - val_loss: 1.9491 - val_acc: 0.4547
Epoch 20/50
40/40 [==============================] - 150s 4s/step - loss: 1.2787 - acc: 0.6336 - val_loss: 1.8885 - val_acc: 0.4844
Epoch 21/50
40/40 [==============================] - 150s 4s/step - loss: 1.1745 - acc: 0.6562 - val_loss: 1.8885 - val_acc: 0.4906
Epoch 22/50
40/40 [==============================] - 150s 4s/step - loss: 1.1080 - acc: 0.6695 - val_loss: 2.1113 - val_acc: 0.4289
Epoch 23/50
40/40 [==============================] - 150s 4s/step - loss: 1.0706 - acc: 0.6922 - val_loss: 2.1356 - val_acc: 0.4555
Epoch 24/50
40/40 [==============================] - 150s 4s/step - loss: 0.9893 - acc: 0.7039 - val_loss: 1.8050 - val_acc: 0.5078
Epoch 25/50
40/40 [==============================] - 150s 4s/step - loss: 0.9377 - acc: 0.7312 - val_loss: 1.8422 - val_acc: 0.5281
Epoch 26/50
40/40 [==============================] - 150s 4s/step - loss: 0.8181 - acc: 0.7578 - val_loss: 1.8654 - val_acc: 0.4914
Epoch 27/50
40/40 [==============================] - 150s 4s/step - loss: 0.8668 - acc: 0.7352 - val_loss: 1.8883 - val_acc: 0.4805
Epoch 28/50
40/40 [==============================] - 150s 4s/step - loss: 0.7349 - acc: 0.7820 - val_loss: 1.8898 - val_acc: 0.5492
Epoch 29/50
40/40 [==============================] - 150s 4s/step - loss: 0.7134 - acc: 0.7922 - val_loss: 1.7778 - val_acc: 0.5297
Epoch 30/50
40/40 [==============================] - 150s 4s/step - loss: 0.6433 - acc: 0.8062 - val_loss: 1.8707 - val_acc: 0.5250
Epoch 31/50
40/40 [==============================] - 151s 4s/step - loss: 0.6419 - acc: 0.8180 - val_loss: 1.8195 - val_acc: 0.5273
Epoch 32/50
40/40 [==============================] - 151s 4s/step - loss: 0.5811 - acc: 0.8273 - val_loss: 1.7483 - val_acc: 0.5508
Epoch 33/50
40/40 [==============================] - 151s 4s/step - loss: 0.6008 - acc: 0.8180 - val_loss: 1.8984 - val_acc: 0.5188
Epoch 34/50
40/40 [==============================] - 151s 4s/step - loss: 0.5169 - acc: 0.8484 - val_loss: 2.0376 - val_acc: 0.5078
Epoch 35/50
40/40 [==============================] - 150s 4s/step - loss: 0.5090 - acc: 0.8469 - val_loss: 2.0583 - val_acc: 0.5086
Epoch 36/50
40/40 [==============================] - 151s 4s/step - loss: 0.4752 - acc: 0.8578 - val_loss: 2.1739 - val_acc: 0.5148
Epoch 37/50
40/40 [==============================] - 151s 4s/step - loss: 0.4264 - acc: 0.8805 - val_loss: 1.9400 - val_acc: 0.5469
Epoch 38/50
40/40 [==============================] - 150s 4s/step - loss: 0.4108 - acc: 0.8836 - val_loss: 1.8909 - val_acc: 0.5414
Epoch 39/50
40/40 [==============================] - 150s 4s/step - loss: 0.3942 - acc: 0.8797 - val_loss: 2.1462 - val_acc: 0.5172
Epoch 40/50
40/40 [==============================] - 151s 4s/step - loss: 0.3634 - acc: 0.9000 - val_loss: 1.8605 - val_acc: 0.5367
Epoch 41/50
40/40 [==============================] - 151s 4s/step - loss: 0.3340 - acc: 0.9148 - val_loss: 2.0350 - val_acc: 0.5461
Epoch 42/50
40/40 [==============================] - 151s 4s/step - loss: 0.3156 - acc: 0.9187 - val_loss: 2.1340 - val_acc: 0.5320
Epoch 43/50
40/40 [==============================] - 150s 4s/step - loss: 0.3115 - acc: 0.9109 - val_loss: 2.2825 - val_acc: 0.5016
Epoch 44/50
40/40 [==============================] - 150s 4s/step - loss: 0.2939 - acc: 0.9219 - val_loss: 1.8770 - val_acc: 0.5539
Epoch 45/50
40/40 [==============================] - 150s 4s/step - loss: 0.2446 - acc: 0.9383 - val_loss: 2.4037 - val_acc: 0.5242
Epoch 46/50
40/40 [==============================] - 150s 4s/step - loss: 0.2757 - acc: 0.9211 - val_loss: 2.1594 - val_acc: 0.5500
Epoch 47/50
40/40 [==============================] - 150s 4s/step - loss: 0.2746 - acc: 0.9289 - val_loss: 2.2189 - val_acc: 0.5375
Epoch 48/50
40/40 [==============================] - 150s 4s/step - loss: 0.2381 - acc: 0.9266 - val_loss: 2.0340 - val_acc: 0.5664
Epoch 49/50
40/40 [==============================] - 150s 4s/step - loss: 0.2680 - acc: 0.9195 - val_loss: 1.8832 - val_acc: 0.5969
Epoch 50/50
40/40 [==============================] - 150s 4s/step - loss: 0.2057 - acc: 0.9469 - val_loss: 2.0120 - val_acc: 0.5773
40/40 [==============================] - 74s 2s/step - loss: 1.9711 - acc: 0.5797
loss: 1.97
accuracy: 0.58
