Hypeparameters:
num_epochs: 50
hidden_neurons: 512
training set size: 2979
test set size: 156

Epoch 1/50
40/40 [==============================] - 144s 4s/step - loss: 4.4451 - acc: 0.0664 - val_loss: 4.3457 - val_acc: 0.0914
Epoch 2/50
40/40 [==============================] - 146s 4s/step - loss: 4.2843 - acc: 0.0812 - val_loss: 4.2538 - val_acc: 0.0836
Epoch 3/50
40/40 [==============================] - 147s 4s/step - loss: 4.1256 - acc: 0.1000 - val_loss: 4.0810 - val_acc: 0.1031
Epoch 4/50
40/40 [==============================] - 147s 4s/step - loss: 3.9083 - acc: 0.1344 - val_loss: 3.7869 - val_acc: 0.2188
Epoch 5/50
40/40 [==============================] - 147s 4s/step - loss: 3.5448 - acc: 0.1906 - val_loss: 3.4090 - val_acc: 0.2273
Epoch 6/50
40/40 [==============================] - 148s 4s/step - loss: 3.2622 - acc: 0.2352 - val_loss: 3.1977 - val_acc: 0.2438
Epoch 7/50
40/40 [==============================] - 147s 4s/step - loss: 2.9311 - acc: 0.2859 - val_loss: 2.9854 - val_acc: 0.2711
Epoch 8/50
40/40 [==============================] - 147s 4s/step - loss: 2.6821 - acc: 0.3359 - val_loss: 2.7989 - val_acc: 0.3070
Epoch 9/50
40/40 [==============================] - 147s 4s/step - loss: 2.4977 - acc: 0.3688 - val_loss: 2.5677 - val_acc: 0.3672
Epoch 10/50
40/40 [==============================] - 147s 4s/step - loss: 2.2749 - acc: 0.4055 - val_loss: 2.4451 - val_acc: 0.3664
Epoch 11/50
40/40 [==============================] - 147s 4s/step - loss: 2.1329 - acc: 0.4414 - val_loss: 2.3296 - val_acc: 0.3703
Epoch 12/50
40/40 [==============================] - 147s 4s/step - loss: 1.9983 - acc: 0.4695 - val_loss: 2.2152 - val_acc: 0.4172
Epoch 13/50
40/40 [==============================] - 148s 4s/step - loss: 1.8788 - acc: 0.4961 - val_loss: 2.1871 - val_acc: 0.4203
Epoch 14/50
40/40 [==============================] - 148s 4s/step - loss: 1.7586 - acc: 0.5180 - val_loss: 2.2082 - val_acc: 0.4391
Epoch 15/50
40/40 [==============================] - 148s 4s/step - loss: 1.6610 - acc: 0.5617 - val_loss: 2.1000 - val_acc: 0.4578
Epoch 16/50
40/40 [==============================] - 148s 4s/step - loss: 1.5504 - acc: 0.5742 - val_loss: 2.0415 - val_acc: 0.4563
Epoch 17/50
40/40 [==============================] - 148s 4s/step - loss: 1.4962 - acc: 0.5930 - val_loss: 1.9468 - val_acc: 0.5016
Epoch 18/50
40/40 [==============================] - 148s 4s/step - loss: 1.3669 - acc: 0.6297 - val_loss: 1.9300 - val_acc: 0.5055
Epoch 19/50
40/40 [==============================] - 149s 4s/step - loss: 1.3324 - acc: 0.6305 - val_loss: 1.8498 - val_acc: 0.4836
Epoch 20/50
40/40 [==============================] - 148s 4s/step - loss: 1.2786 - acc: 0.6484 - val_loss: 1.8417 - val_acc: 0.5242
Epoch 21/50
40/40 [==============================] - 149s 4s/step - loss: 1.1761 - acc: 0.6789 - val_loss: 1.8492 - val_acc: 0.5008
Epoch 22/50
40/40 [==============================] - 149s 4s/step - loss: 1.1366 - acc: 0.6961 - val_loss: 1.9096 - val_acc: 0.4922
Epoch 23/50
40/40 [==============================] - 149s 4s/step - loss: 1.0595 - acc: 0.7117 - val_loss: 1.7445 - val_acc: 0.5398
Epoch 24/50
40/40 [==============================] - 149s 4s/step - loss: 1.0544 - acc: 0.7133 - val_loss: 1.8665 - val_acc: 0.5055
Epoch 25/50
40/40 [==============================] - 149s 4s/step - loss: 0.9448 - acc: 0.7445 - val_loss: 1.8175 - val_acc: 0.5180
Epoch 26/50
40/40 [==============================] - 148s 4s/step - loss: 0.9453 - acc: 0.7523 - val_loss: 1.8738 - val_acc: 0.4867
Epoch 27/50
40/40 [==============================] - 148s 4s/step - loss: 0.9147 - acc: 0.7461 - val_loss: 1.7453 - val_acc: 0.5570
Epoch 28/50
40/40 [==============================] - 148s 4s/step - loss: 0.8208 - acc: 0.7797 - val_loss: 1.7925 - val_acc: 0.5523
Epoch 29/50
40/40 [==============================] - 148s 4s/step - loss: 0.8381 - acc: 0.7695 - val_loss: 1.9036 - val_acc: 0.5258
Epoch 30/50
40/40 [==============================] - 148s 4s/step - loss: 0.7145 - acc: 0.8094 - val_loss: 1.6819 - val_acc: 0.5375
Epoch 31/50
40/40 [==============================] - 148s 4s/step - loss: 0.7255 - acc: 0.8117 - val_loss: 1.8812 - val_acc: 0.5273
Epoch 32/50
40/40 [==============================] - 148s 4s/step - loss: 0.6852 - acc: 0.8164 - val_loss: 1.7625 - val_acc: 0.5437
Epoch 33/50
40/40 [==============================] - 148s 4s/step - loss: 0.6573 - acc: 0.8273 - val_loss: 1.7554 - val_acc: 0.5625
Epoch 34/50
40/40 [==============================] - 148s 4s/step - loss: 0.6813 - acc: 0.8141 - val_loss: 1.7225 - val_acc: 0.5562
Epoch 35/50
40/40 [==============================] - 148s 4s/step - loss: 0.5548 - acc: 0.8617 - val_loss: 1.7647 - val_acc: 0.5688
Epoch 36/50
40/40 [==============================] - 148s 4s/step - loss: 0.5811 - acc: 0.8438 - val_loss: 1.9366 - val_acc: 0.5148
Epoch 37/50
40/40 [==============================] - 148s 4s/step - loss: 0.5061 - acc: 0.8703 - val_loss: 1.6545 - val_acc: 0.5648
Epoch 38/50
40/40 [==============================] - 148s 4s/step - loss: 0.5066 - acc: 0.8695 - val_loss: 1.7696 - val_acc: 0.5547
Epoch 39/50
40/40 [==============================] - 147s 4s/step - loss: 0.4603 - acc: 0.8883 - val_loss: 1.7885 - val_acc: 0.5367
Epoch 40/50
40/40 [==============================] - 147s 4s/step - loss: 0.4372 - acc: 0.8914 - val_loss: 1.6848 - val_acc: 0.5789
Epoch 41/50
40/40 [==============================] - 147s 4s/step - loss: 0.4418 - acc: 0.8891 - val_loss: 1.7314 - val_acc: 0.5555
Epoch 42/50
40/40 [==============================] - 147s 4s/step - loss: 0.3875 - acc: 0.9133 - val_loss: 1.9891 - val_acc: 0.5305
Epoch 43/50
40/40 [==============================] - 147s 4s/step - loss: 0.3983 - acc: 0.9078 - val_loss: 2.0513 - val_acc: 0.5203
Epoch 44/50
40/40 [==============================] - 148s 4s/step - loss: 0.3539 - acc: 0.9211 - val_loss: 1.6665 - val_acc: 0.5430
Epoch 45/50
40/40 [==============================] - 148s 4s/step - loss: 0.3538 - acc: 0.9164 - val_loss: 1.8179 - val_acc: 0.5492
Epoch 46/50
40/40 [==============================] - 148s 4s/step - loss: 0.3251 - acc: 0.9406 - val_loss: 1.7533 - val_acc: 0.5508
Epoch 47/50
40/40 [==============================] - 148s 4s/step - loss: 0.3054 - acc: 0.9312 - val_loss: 1.8585 - val_acc: 0.5516
Epoch 48/50
40/40 [==============================] - 148s 4s/step - loss: 0.3505 - acc: 0.9242 - val_loss: 1.8749 - val_acc: 0.5180
Epoch 49/50
40/40 [==============================] - 148s 4s/step - loss: 0.2679 - acc: 0.9438 - val_loss: 2.2039 - val_acc: 0.5211
Epoch 50/50
40/40 [==============================] - 148s 4s/step - loss: 0.2924 - acc: 0.9445 - val_loss: 2.1191 - val_acc: 0.5375
40/40 [==============================] - 74s 2s/step - loss: 2.0908 - acc: 0.5414
loss: 2.09
accuracy: 0.54
