Hypeparameters:
num_epochs: 100
hidden_neurons: 4096
training set size: 2822
test set size: 313

Epoch 1/100
40/40 [==============================] - 146s 4s/step - loss: 4.5918 - acc: 0.0562 - val_loss: 4.4295 - val_acc: 0.0672
Epoch 2/100
40/40 [==============================] - 149s 4s/step - loss: 4.2757 - acc: 0.0844 - val_loss: 4.1805 - val_acc: 0.0906
Epoch 3/100
40/40 [==============================] - 151s 4s/step - loss: 4.0001 - acc: 0.1133 - val_loss: 3.9236 - val_acc: 0.1281
Epoch 4/100
40/40 [==============================] - 151s 4s/step - loss: 3.6609 - acc: 0.1719 - val_loss: 3.5884 - val_acc: 0.1695
Epoch 5/100
40/40 [==============================] - 151s 4s/step - loss: 3.2887 - acc: 0.2055 - val_loss: 3.3884 - val_acc: 0.1930
Epoch 6/100
40/40 [==============================] - 151s 4s/step - loss: 2.9726 - acc: 0.2680 - val_loss: 3.0558 - val_acc: 0.2570
Epoch 7/100
40/40 [==============================] - 152s 4s/step - loss: 2.6130 - acc: 0.3305 - val_loss: 2.9749 - val_acc: 0.2633
Epoch 8/100
40/40 [==============================] - 152s 4s/step - loss: 2.5643 - acc: 0.3242 - val_loss: 2.7752 - val_acc: 0.2812
Epoch 9/100
40/40 [==============================] - 152s 4s/step - loss: 2.2391 - acc: 0.4070 - val_loss: 2.6748 - val_acc: 0.3102
Epoch 10/100
40/40 [==============================] - 152s 4s/step - loss: 2.2008 - acc: 0.3805 - val_loss: 2.7025 - val_acc: 0.2984
Epoch 11/100
40/40 [==============================] - 152s 4s/step - loss: 1.9554 - acc: 0.4734 - val_loss: 2.6534 - val_acc: 0.3250
Epoch 12/100
40/40 [==============================] - 152s 4s/step - loss: 1.9267 - acc: 0.4484 - val_loss: 2.4559 - val_acc: 0.3516
Epoch 13/100
40/40 [==============================] - 152s 4s/step - loss: 1.7487 - acc: 0.4992 - val_loss: 2.3950 - val_acc: 0.3695
Epoch 14/100
40/40 [==============================] - 152s 4s/step - loss: 1.7050 - acc: 0.5094 - val_loss: 2.3902 - val_acc: 0.3633
Epoch 15/100
40/40 [==============================] - 152s 4s/step - loss: 1.5323 - acc: 0.5594 - val_loss: 2.3533 - val_acc: 0.4133
Epoch 16/100
40/40 [==============================] - 151s 4s/step - loss: 1.4516 - acc: 0.5820 - val_loss: 2.2912 - val_acc: 0.4195
Epoch 17/100
40/40 [==============================] - 151s 4s/step - loss: 1.3596 - acc: 0.6000 - val_loss: 2.0901 - val_acc: 0.4563
Epoch 18/100
40/40 [==============================] - 151s 4s/step - loss: 1.2782 - acc: 0.6352 - val_loss: 2.4536 - val_acc: 0.4000
Epoch 19/100
40/40 [==============================] - 151s 4s/step - loss: 1.3196 - acc: 0.6117 - val_loss: 2.2668 - val_acc: 0.4187
Epoch 20/100
40/40 [==============================] - 151s 4s/step - loss: 1.1169 - acc: 0.6766 - val_loss: 2.3500 - val_acc: 0.4492
Epoch 21/100
40/40 [==============================] - 151s 4s/step - loss: 1.1683 - acc: 0.6586 - val_loss: 2.3395 - val_acc: 0.3961
Epoch 22/100
40/40 [==============================] - 151s 4s/step - loss: 1.0754 - acc: 0.6781 - val_loss: 2.3199 - val_acc: 0.4727
Epoch 23/100
40/40 [==============================] - 151s 4s/step - loss: 1.0343 - acc: 0.6938 - val_loss: 2.1741 - val_acc: 0.4844
Epoch 24/100
40/40 [==============================] - 151s 4s/step - loss: 0.9491 - acc: 0.7070 - val_loss: 1.9539 - val_acc: 0.5195
Epoch 25/100
40/40 [==============================] - 151s 4s/step - loss: 0.8910 - acc: 0.7391 - val_loss: 2.2526 - val_acc: 0.4625
Epoch 26/100
40/40 [==============================] - 151s 4s/step - loss: 0.8292 - acc: 0.7570 - val_loss: 2.4589 - val_acc: 0.4844
Epoch 27/100
40/40 [==============================] - 151s 4s/step - loss: 0.9159 - acc: 0.7109 - val_loss: 2.3078 - val_acc: 0.4547
Epoch 28/100
40/40 [==============================] - 152s 4s/step - loss: 0.7978 - acc: 0.7531 - val_loss: 2.0863 - val_acc: 0.4891
Epoch 29/100
40/40 [==============================] - 152s 4s/step - loss: 0.7130 - acc: 0.7719 - val_loss: 2.4713 - val_acc: 0.4477
Epoch 30/100
40/40 [==============================] - 152s 4s/step - loss: 0.7435 - acc: 0.7820 - val_loss: 2.2820 - val_acc: 0.4797
Epoch 31/100
40/40 [==============================] - 152s 4s/step - loss: 0.5770 - acc: 0.8328 - val_loss: 2.2544 - val_acc: 0.5008
Epoch 32/100
40/40 [==============================] - 152s 4s/step - loss: 0.6813 - acc: 0.7914 - val_loss: 2.1546 - val_acc: 0.5242
Epoch 33/100
40/40 [==============================] - 152s 4s/step - loss: 0.5524 - acc: 0.8438 - val_loss: 2.2644 - val_acc: 0.5133
Epoch 34/100
40/40 [==============================] - 152s 4s/step - loss: 0.5169 - acc: 0.8492 - val_loss: 2.3942 - val_acc: 0.5094
Epoch 35/100
40/40 [==============================] - 152s 4s/step - loss: 0.4776 - acc: 0.8594 - val_loss: 2.2033 - val_acc: 0.5312
Epoch 36/100
40/40 [==============================] - 152s 4s/step - loss: 0.4214 - acc: 0.8797 - val_loss: 2.4103 - val_acc: 0.5312
Epoch 37/100
40/40 [==============================] - 152s 4s/step - loss: 0.4425 - acc: 0.8680 - val_loss: 2.1045 - val_acc: 0.5078
Epoch 38/100
40/40 [==============================] - 152s 4s/step - loss: 0.3414 - acc: 0.9086 - val_loss: 2.3999 - val_acc: 0.5047
Epoch 39/100
40/40 [==============================] - 151s 4s/step - loss: 0.4047 - acc: 0.8781 - val_loss: 2.3950 - val_acc: 0.5156
Epoch 40/100
40/40 [==============================] - 152s 4s/step - loss: 0.3182 - acc: 0.9102 - val_loss: 2.3673 - val_acc: 0.5312
Epoch 41/100
40/40 [==============================] - 152s 4s/step - loss: 0.3792 - acc: 0.8805 - val_loss: 2.3938 - val_acc: 0.5281
Epoch 42/100
40/40 [==============================] - 152s 4s/step - loss: 0.3191 - acc: 0.9148 - val_loss: 2.5133 - val_acc: 0.5133
Epoch 43/100
40/40 [==============================] - 152s 4s/step - loss: 0.2994 - acc: 0.9070 - val_loss: 3.1307 - val_acc: 0.4531
Epoch 44/100
40/40 [==============================] - 152s 4s/step - loss: 0.3703 - acc: 0.8883 - val_loss: 2.5169 - val_acc: 0.5047
Epoch 45/100
40/40 [==============================] - 151s 4s/step - loss: 0.2210 - acc: 0.9438 - val_loss: 2.5046 - val_acc: 0.5281
Epoch 46/100
40/40 [==============================] - 152s 4s/step - loss: 0.2879 - acc: 0.9062 - val_loss: 2.5366 - val_acc: 0.5180
Epoch 47/100
40/40 [==============================] - 151s 4s/step - loss: 0.2382 - acc: 0.9383 - val_loss: 2.3880 - val_acc: 0.5492
Epoch 48/100
40/40 [==============================] - 151s 4s/step - loss: 0.1776 - acc: 0.9617 - val_loss: 2.4543 - val_acc: 0.5445
Epoch 49/100
40/40 [==============================] - 151s 4s/step - loss: 0.2251 - acc: 0.9367 - val_loss: 2.4239 - val_acc: 0.5281
Epoch 50/100
40/40 [==============================] - 151s 4s/step - loss: 0.1465 - acc: 0.9617 - val_loss: 2.5113 - val_acc: 0.5367
Epoch 51/100
40/40 [==============================] - 151s 4s/step - loss: 0.1496 - acc: 0.9664 - val_loss: 2.7010 - val_acc: 0.5484
Epoch 52/100
40/40 [==============================] - 152s 4s/step - loss: 0.1733 - acc: 0.9547 - val_loss: 2.8388 - val_acc: 0.5219
Epoch 53/100
40/40 [==============================] - 152s 4s/step - loss: 0.1315 - acc: 0.9664 - val_loss: 2.6357 - val_acc: 0.5750
Epoch 54/100
40/40 [==============================] - 152s 4s/step - loss: 0.1430 - acc: 0.9695 - val_loss: 2.8460 - val_acc: 0.5336
Epoch 55/100
40/40 [==============================] - 152s 4s/step - loss: 0.1584 - acc: 0.9594 - val_loss: 2.4464 - val_acc: 0.5586
Epoch 56/100
40/40 [==============================] - 152s 4s/step - loss: 0.1383 - acc: 0.9602 - val_loss: 2.8098 - val_acc: 0.5367
Epoch 57/100
40/40 [==============================] - 152s 4s/step - loss: 0.1519 - acc: 0.9625 - val_loss: 2.5457 - val_acc: 0.5766
Epoch 58/100
40/40 [==============================] - 152s 4s/step - loss: 0.1283 - acc: 0.9703 - val_loss: 2.6806 - val_acc: 0.5531
Epoch 59/100
40/40 [==============================] - 151s 4s/step - loss: 0.1444 - acc: 0.9602 - val_loss: 2.5753 - val_acc: 0.5367
Epoch 60/100
40/40 [==============================] - 151s 4s/step - loss: 0.1009 - acc: 0.9773 - val_loss: 2.6715 - val_acc: 0.5336
Epoch 61/100
40/40 [==============================] - 151s 4s/step - loss: 0.0966 - acc: 0.9789 - val_loss: 2.8028 - val_acc: 0.5141
Epoch 62/100
40/40 [==============================] - 151s 4s/step - loss: 0.0880 - acc: 0.9789 - val_loss: 2.7388 - val_acc: 0.5477
Epoch 63/100
40/40 [==============================] - 151s 4s/step - loss: 0.0731 - acc: 0.9852 - val_loss: 3.3959 - val_acc: 0.5273
Epoch 64/100
40/40 [==============================] - 151s 4s/step - loss: 0.0932 - acc: 0.9766 - val_loss: 2.8636 - val_acc: 0.5508
Epoch 65/100
40/40 [==============================] - 151s 4s/step - loss: 0.0605 - acc: 0.9930 - val_loss: 3.0906 - val_acc: 0.5367
Epoch 66/100
40/40 [==============================] - 151s 4s/step - loss: 0.1039 - acc: 0.9734 - val_loss: 2.7340 - val_acc: 0.5914
Epoch 67/100
40/40 [==============================] - 151s 4s/step - loss: 0.0768 - acc: 0.9805 - val_loss: 2.9467 - val_acc: 0.5383
Epoch 68/100
40/40 [==============================] - 151s 4s/step - loss: 0.0726 - acc: 0.9812 - val_loss: 2.6816 - val_acc: 0.5359
Epoch 69/100
40/40 [==============================] - 151s 4s/step - loss: 0.0877 - acc: 0.9852 - val_loss: 2.7352 - val_acc: 0.5484
Epoch 70/100
40/40 [==============================] - 151s 4s/step - loss: 0.0819 - acc: 0.9812 - val_loss: 2.8548 - val_acc: 0.5297
Epoch 71/100
40/40 [==============================] - 151s 4s/step - loss: 0.0768 - acc: 0.9781 - val_loss: 3.0322 - val_acc: 0.5523
Epoch 72/100
40/40 [==============================] - 151s 4s/step - loss: 0.0768 - acc: 0.9812 - val_loss: 2.9017 - val_acc: 0.5375
Epoch 73/100
40/40 [==============================] - 151s 4s/step - loss: 0.0742 - acc: 0.9766 - val_loss: 2.9267 - val_acc: 0.5328
Epoch 74/100
40/40 [==============================] - 151s 4s/step - loss: 0.0527 - acc: 0.9906 - val_loss: 3.3164 - val_acc: 0.5133
Epoch 75/100
40/40 [==============================] - 151s 4s/step - loss: 0.1070 - acc: 0.9680 - val_loss: 3.5087 - val_acc: 0.5273
Epoch 76/100
40/40 [==============================] - 151s 4s/step - loss: 0.0715 - acc: 0.9781 - val_loss: 2.7021 - val_acc: 0.5391
Epoch 77/100
40/40 [==============================] - 150s 4s/step - loss: 0.0633 - acc: 0.9812 - val_loss: 2.8948 - val_acc: 0.5602
Epoch 78/100
40/40 [==============================] - 151s 4s/step - loss: 0.0653 - acc: 0.9852 - val_loss: 2.7992 - val_acc: 0.5625
Epoch 79/100
40/40 [==============================] - 151s 4s/step - loss: 0.0583 - acc: 0.9836 - val_loss: 2.9598 - val_acc: 0.5328
Epoch 80/100
40/40 [==============================] - 151s 4s/step - loss: 0.0704 - acc: 0.9781 - val_loss: 3.0844 - val_acc: 0.5383
Epoch 81/100
40/40 [==============================] - 151s 4s/step - loss: 0.0387 - acc: 0.9922 - val_loss: 2.9014 - val_acc: 0.5555
Epoch 82/100
40/40 [==============================] - 151s 4s/step - loss: 0.0642 - acc: 0.9828 - val_loss: 3.2254 - val_acc: 0.5352
Epoch 83/100
40/40 [==============================] - 151s 4s/step - loss: 0.0710 - acc: 0.9781 - val_loss: 3.4175 - val_acc: 0.5195
Epoch 84/100
40/40 [==============================] - 151s 4s/step - loss: 0.0395 - acc: 0.9914 - val_loss: 2.9513 - val_acc: 0.5797
Epoch 85/100
40/40 [==============================] - 151s 4s/step - loss: 0.0332 - acc: 0.9961 - val_loss: 3.3427 - val_acc: 0.5578
Epoch 86/100
40/40 [==============================] - 151s 4s/step - loss: 0.0401 - acc: 0.9914 - val_loss: 2.8571 - val_acc: 0.5734
Epoch 87/100
40/40 [==============================] - 151s 4s/step - loss: 0.0373 - acc: 0.9906 - val_loss: 2.9244 - val_acc: 0.5758
Epoch 88/100
40/40 [==============================] - 151s 4s/step - loss: 0.0498 - acc: 0.9844 - val_loss: 2.8809 - val_acc: 0.5719
Epoch 89/100
40/40 [==============================] - 151s 4s/step - loss: 0.0372 - acc: 0.9898 - val_loss: 3.0862 - val_acc: 0.5531
Epoch 90/100
40/40 [==============================] - 151s 4s/step - loss: 0.0344 - acc: 0.9930 - val_loss: 3.1089 - val_acc: 0.5445
Epoch 91/100
40/40 [==============================] - 151s 4s/step - loss: 0.0319 - acc: 0.9922 - val_loss: 2.9021 - val_acc: 0.5688
Epoch 92/100
40/40 [==============================] - 152s 4s/step - loss: 0.0267 - acc: 0.9961 - val_loss: 3.1177 - val_acc: 0.5680
Epoch 93/100
40/40 [==============================] - 152s 4s/step - loss: 0.0204 - acc: 0.9961 - val_loss: 3.2118 - val_acc: 0.5492
Epoch 94/100
40/40 [==============================] - 152s 4s/step - loss: 0.0157 - acc: 0.9977 - val_loss: 3.1160 - val_acc: 0.5914
Epoch 95/100
40/40 [==============================] - 152s 4s/step - loss: 0.0224 - acc: 0.9930 - val_loss: 3.0892 - val_acc: 0.5828
Epoch 96/100
40/40 [==============================] - 151s 4s/step - loss: 0.0186 - acc: 0.9977 - val_loss: 3.0692 - val_acc: 0.5773
Epoch 97/100
40/40 [==============================] - 151s 4s/step - loss: 0.0178 - acc: 0.9961 - val_loss: 3.0748 - val_acc: 0.5664
Epoch 98/100
40/40 [==============================] - 151s 4s/step - loss: 0.0178 - acc: 0.9969 - val_loss: 3.1426 - val_acc: 0.5531
Epoch 99/100
40/40 [==============================] - 151s 4s/step - loss: 0.0203 - acc: 0.9937 - val_loss: 2.7952 - val_acc: 0.5891
Epoch 100/100
40/40 [==============================] - 151s 4s/step - loss: 0.0450 - acc: 0.9883 - val_loss: 3.1898 - val_acc: 0.5516
40/40 [==============================] - 75s 2s/step - loss: 3.1778 - acc: 0.5531
loss: 3.18
accuracy: 0.55

